<?xml version="1.0" encoding="UTF-8"?>
<!-- Generated by org.testng.reporters.JUnitXMLReporter -->
<testsuite ignored="2" hostname="DESKTOP-06HKC9B" failures="0" tests="0" time="3.627" errors="0" timestamp="09 Aug 2019 04:52:52 GMT">
  <testcase classname="automationFramework.KoderTest" name="signUp" time="0.0">
    <ignored/>
  </testcase> <!-- signUp -->
  <testcase classname="automationFramework.KoderTest" name="contact" time="0.0">
    <ignored/>
  </testcase> <!-- contact -->
</testsuite>
