<?xml version="1.0" encoding="UTF-8"?>
<testng-results ignored="0" total="1" passed="1" failed="0" skipped="0">
  <reporter-output>
  </reporter-output>
  <suite started-at="2019-08-06T12:54:08Z" name="Default suite" finished-at="2019-08-06T12:54:37Z" duration-ms="28847">
    <groups>
    </groups>
    <test started-at="2019-08-06T12:54:08Z" name="Default test" finished-at="2019-08-06T12:54:37Z" duration-ms="28847">
      <class name="automationFramework.NewTest">
        <test-method signature="login()[pri:0, instance:automationFramework.NewTest@6973b51b]" started-at="2019-08-06T12:54:08Z" name="login" finished-at="2019-08-06T12:54:37Z" duration-ms="28818" status="PASS">
          <reporter-output>
          </reporter-output>
        </test-method> <!-- login -->
      </class> <!-- automationFramework.NewTest -->
    </test> <!-- Default test -->
  </suite> <!-- Default suite -->
</testng-results>
